Arguments: 
  C:\Program Files\nodejs\node.exe D:\Users\vxebiau\AppData\Roaming\npm\node_modules\yarn\bin\yarn.js add lite-server --dev

PATH: 
  C:\ProgramData\DockerDesktop\version-bin;C:\Program Files\Docker\Docker\Resources\bin;C:\pb105_ddk;C:\pb126_ddk;C:\pb125_ddk;D:\Sybase\DataAccess64\ADONET\dll;D:\Sybase\DataAccess\ADONET\dll;D:\Sybase\DataAccess64\ODBC\dll;D:\Sybase\DataAccess\ODBC\dll;D:\Sybase\OCS-16_0\lib3p64;D:\Sybase\OCS-16_0\lib3p;D:\Sybase\OCS-16_0\dll;D:\Sybase\OCS-16_0\bin;C:\Windows\system32;C:\Windows;C:\Windows\System32\Wbem;C:\Windows\System32\WindowsPowerShell\v1.0\;C:\Windows\System32\OpenSSH\;C:\Program Files (x86)\Enterprise Vault\EVClient\x64\;D:\Farkalit\softwares\Git\cmd;C:\Program Files\nodejs\;D:\Users\vxebiau\AppData\Local\Microsoft\WindowsApps;D:\Farkalit\softwares\Java8\jdk1.8.0_191\bin;D:\Farkalit\softwares\Java8\jdk1.8.0_191\jre\bin;D:\Farkalit\softwares\apache-maven-3.6.1\bin;D:\Farkalit\softwares\zookeeper-3.4.14\bin;D:\Farkalit\softwares\kafka_2.12-2.3.0\bin;D:\Farkalit\softwares\redis-5.0.5\bin;D:\Users\vxebiau\AppData\Roaming\npm

Yarn version: 
  1.21.1

Node version: 
  12.13.1

Platform: 
  win32 x64

Trace: 
  Error: self signed certificate in certificate chain
      at TLSSocket.onConnectSecure (_tls_wrap.js:1321:34)
      at TLSSocket.emit (events.js:210:5)
      at TLSSocket._finishInit (_tls_wrap.js:794:8)
      at TLSWrap.ssl.onhandshakedone (_tls_wrap.js:608:12)

npm manifest: 
  {
    "name": "my-angular-app",
    "version": "0.0.0",
    "scripts": {
      "ng": "ng",
      "start": "ng serve",
      "build": "ng build",
      "test": "ng test",
      "lint": "ng lint",
      "e2e": "ng e2e",
      "dev": "lite-server"
    },
    "private": true,
    "dependencies": {
      "@angular/animations": "~8.2.14",
      "@angular/common": "~8.2.14",
      "@angular/compiler": "~8.2.14",
      "@angular/core": "~8.2.14",
      "@angular/forms": "~8.2.14",
      "@angular/platform-browser": "~8.2.14",
      "@angular/platform-browser-dynamic": "~8.2.14",
      "@angular/router": "~8.2.14",
      "bootstrap": "^4.4.1",
      "rxjs": "~6.4.0",
      "tslib": "^1.10.0",
      "zone.js": "~0.9.1"
    },
    "devDependencies": {
      "@angular-devkit/build-angular": "~0.803.20",
      "@angular/cli": "~8.3.20",
      "@angular/compiler-cli": "~8.2.14",
      "@angular/language-service": "~8.2.14",
      "@types/jasmine": "~3.3.8",
      "@types/jasminewd2": "~2.0.3",
      "@types/node": "~8.9.4",
      "codelyzer": "^5.0.0",
      "jasmine-core": "~3.4.0",
      "jasmine-spec-reporter": "~4.2.1",
      "karma": "~4.1.0",
      "karma-chrome-launcher": "~2.2.0",
      "karma-coverage-istanbul-reporter": "~2.0.1",
      "karma-jasmine": "~2.0.1",
      "karma-jasmine-html-reporter": "^1.4.0",
      "lite-server": "^2.5.4",
      "protractor": "~5.4.0",
      "ts-node": "~7.0.0",
      "tslint": "~5.15.0",
      "typescript": "~3.5.3"
    }
  }

yarn manifest: 
  No manifest

Lockfile: 
  No lockfile
